<?xml version="1.0" encoding="utf-8"?><testsuites name="pytest tests"><testsuite name="pytest" errors="0" failures="0" skipped="0" tests="15" time="4.842" timestamp="2026-03-19T02:04:19.016218+00:00" hostname="agent-env-f68ec4ae-c14f-4306-b350-c961cd480767"><testcase classname="backend.tests.test_iteration2_features.TestAuthentication" name="test_login_success" time="0.524" /><testcase classname="backend.tests.test_iteration2_features.TestOrderCreation" name="test_get_product_stock_before" time="0.163" /><testcase classname="backend.tests.test_iteration2_features.TestOrderCreation" name="test_create_order_success" time="0.769" /><testcase classname="backend.tests.test_iteration2_features.TestOrderCreation" name="test_stock_decrement_after_order" time="0.147" /><testcase classname="backend.tests.test_iteration2_features.TestMyOrders" name="test_my_orders_requires_auth" time="0.165" /><testcase classname="backend.tests.test_iteration2_features.TestMyOrders" name="test_my_orders_with_auth" time="0.654" /><testcase classname="backend.tests.test_iteration2_features.TestReviewImageUpload" name="test_upload_requires_auth" time="0.140" /><testcase classname="backend.tests.test_iteration2_features.TestReviewImageUpload" name="test_upload_invalid_type" time="0.496" /><testcase classname="backend.tests.test_iteration2_features.TestReviewImageUpload" name="test_upload_valid_jpeg" time="0.128" /><testcase classname="backend.tests.test_iteration2_features.TestProductReviews" name="test_get_product_reviews" time="0.150" /><testcase classname="backend.tests.test_iteration2_features.TestAdvancedSearch" name="test_search_by_name" time="0.172" /><testcase classname="backend.tests.test_iteration2_features.TestAdvancedSearch" name="test_filter_by_category" time="0.152" /><testcase classname="backend.tests.test_iteration2_features.TestAdvancedSearch" name="test_search_with_sort" time="0.188" /><testcase classname="backend.tests.test_iteration2_features.TestBanners" name="test_get_banners" time="0.214" /><testcase classname="backend.tests.test_iteration2_features.TestOrderDetails" name="test_get_order_by_id" time="0.647" /></testsuite></testsuites>