<?xml version="1.0" encoding="utf-8"?><testsuites name="pytest tests"><testsuite name="pytest" errors="0" failures="0" skipped="0" tests="19" time="3.909" timestamp="2026-03-18T23:49:31.897970+00:00" hostname="agent-env-f68ec4ae-c14f-4306-b350-c961cd480767"><testcase classname="backend.tests.test_mazigho_api.TestCategoriesAPI" name="test_get_categories_returns_200" time="0.152" /><testcase classname="backend.tests.test_mazigho_api.TestCategoriesAPI" name="test_get_categories_has_6_categories" time="0.151" /><testcase classname="backend.tests.test_mazigho_api.TestCategoriesAPI" name="test_categories_have_name_fr_field" time="0.112" /><testcase classname="backend.tests.test_mazigho_api.TestProductsAPI" name="test_get_products_returns_200" time="0.155" /><testcase classname="backend.tests.test_mazigho_api.TestProductsAPI" name="test_products_filter_advanced_returns_200" time="0.201" /><testcase classname="backend.tests.test_mazigho_api.TestProductsAPI" name="test_products_filter_advanced_returns_25_products" time="0.146" /><testcase classname="backend.tests.test_mazigho_api.TestProductsAPI" name="test_products_have_variants_labels_reviews_summary" time="0.125" /><testcase classname="backend.tests.test_mazigho_api.TestProductsAPI" name="test_get_single_product" time="0.260" /><testcase classname="backend.tests.test_mazigho_api.TestTestimonialsAPI" name="test_get_testimonials_returns_200" time="0.130" /><testcase classname="backend.tests.test_mazigho_api.TestTestimonialsAPI" name="test_testimonials_returns_6_approved" time="0.123" /><testcase classname="backend.tests.test_mazigho_api.TestTestimonialsAPI" name="test_testimonials_have_required_fields" time="0.125" /><testcase classname="backend.tests.test_mazigho_api.TestAuthenticationAPI" name="test_login_with_valid_credentials" time="0.397" /><testcase classname="backend.tests.test_mazigho_api.TestAuthenticationAPI" name="test_login_returns_valid_token" time="0.521" /><testcase classname="backend.tests.test_mazigho_api.TestAuthenticationAPI" name="test_login_invalid_credentials" time="0.129" /><testcase classname="backend.tests.test_mazigho_api.TestWishlistAPI" name="test_get_wishlist_with_auth" time="0.536" /><testcase classname="backend.tests.test_mazigho_api.TestWishlistAPI" name="test_get_wishlist_without_auth" time="0.124" /><testcase classname="backend.tests.test_mazigho_api.TestShippingAPI" name="test_shipping_calculate" time="0.157" /><testcase classname="backend.tests.test_mazigho_api.TestNavigationAPI" name="test_get_navigation" time="0.136" /><testcase classname="backend.tests.test_mazigho_api.TestCustomizationAPI" name="test_get_customization" time="0.117" /></testsuite></testsuites>